0 info it worked if it ends with ok
1 verbose cli [ 'C:\\Program Files\\nodejs\\node.exe',
1 verbose cli   'C:\\Users\\xin.zhang\\AppData\\Roaming\\npm\\node_modules\\npm\\bin\\npm-cli.js',
1 verbose cli   'run',
1 verbose cli   'dev' ]
2 info using npm@3.10.9
3 info using node@v6.9.1
4 verbose run-script [ 'predev', 'dev', 'postdev' ]
5 info lifecycle smartadmin-reactjs@1.2.2~predev: smartadmin-reactjs@1.2.2
6 silly lifecycle smartadmin-reactjs@1.2.2~predev: no script for predev, continuing
7 info lifecycle smartadmin-reactjs@1.2.2~dev: smartadmin-reactjs@1.2.2
8 verbose lifecycle smartadmin-reactjs@1.2.2~dev: unsafe-perm in lifecycle true
9 verbose lifecycle smartadmin-reactjs@1.2.2~dev: PATH: C:\Users\xin.zhang\AppData\Roaming\npm\node_modules\npm\bin\node-gyp-bin;I:\Ausmaq\ClientPorta.Web.react\node_modules\.bin;C:\ProgramData\Oracle\Java\javapath;C:\Program Files (x86)\Intel\iCLS Client\;C:\Program Files\Intel\iCLS Client\;C:\windows\system32;C:\windows;C:\windows\System32\Wbem;C:\windows\System32\WindowsPowerShell\v1.0\;C:\Program Files (x86)\Intel\Intel(R) Management Engine Components\DAL;C:\Program Files\Intel\Intel(R) Management Engine Components\DAL;C:\Program Files (x86)\Intel\Intel(R) Management Engine Components\IPT;C:\Program Files\Intel\Intel(R) Management Engine Components\IPT;C:\Program Files\Microsoft SQL Server\110\Tools\Binn\;C:\Program Files\nodejs\;I:\Go\bin;C:\Program Files\Microsoft SQL Server\130\Tools\Binn\;C:\Program Files (x86)\LINQPad4;C:\windows\System32\WindowsPowerShell\v1.0\;C:\Program Files\Microsoft SQL Server\120\Tools\Binn\;C:\Program Files\Microsoft SQL Server\Client SDK\ODBC\110\Tools\Binn\;C:\Program Files (x86)\Microsoft SQL Server\120\Tools\Binn\ManagementStudio\;C:\Program Files (x86)\Microsoft SQL Server\120\Tools\Binn\;C:\Program Files (x86)\Microsoft SQL Server\120\DTS\Binn\;C:\Program Files\Microsoft SQL Server\120\DTS\Binn\;I:\Projects\protoc\bin;C:\windows\System32\WindowsPowerShell\v1.0\;C:\Program Files (x86)\WinSCP\;C:\Program Files (x86)\PuTTY\;C:\Program Files\dotnet\;C:\Program Files\Git\cmd;C:\Users\xin.zhang\AppData\Roaming\npm;C:\Users\xin.zhang\AppData\Local\atom\bin;I:\Program Files\Docker Toolbox;I:\Program Files (x86)\Microsoft VS Code\bin;C:\Program Files\Heroku\bin
10 verbose lifecycle smartadmin-reactjs@1.2.2~dev: CWD: I:\Ausmaq\ClientPorta.Web.react
11 silly lifecycle smartadmin-reactjs@1.2.2~dev: Args: [ '/d /s /c',
11 silly lifecycle   'webpack-dev-server --config webpack.config.js --progress --env development' ]
12 silly lifecycle smartadmin-reactjs@1.2.2~dev: Returned: code: 3221225786  signal: null
13 info lifecycle smartadmin-reactjs@1.2.2~dev: Failed to exec dev script
14 verbose stack Error: smartadmin-reactjs@1.2.2 dev: `webpack-dev-server --config webpack.config.js --progress --env development`
14 verbose stack Exit status 3221225786
14 verbose stack     at EventEmitter.<anonymous> (C:\Users\xin.zhang\AppData\Roaming\npm\node_modules\npm\lib\utils\lifecycle.js:255:16)
14 verbose stack     at emitTwo (events.js:106:13)
14 verbose stack     at EventEmitter.emit (events.js:191:7)
14 verbose stack     at ChildProcess.<anonymous> (C:\Users\xin.zhang\AppData\Roaming\npm\node_modules\npm\lib\utils\spawn.js:40:14)
14 verbose stack     at emitTwo (events.js:106:13)
14 verbose stack     at ChildProcess.emit (events.js:191:7)
14 verbose stack     at maybeClose (internal/child_process.js:877:16)
14 verbose stack     at Process.ChildProcess._handle.onexit (internal/child_process.js:226:5)
15 verbose pkgid smartadmin-reactjs@1.2.2
16 verbose cwd I:\Ausmaq\ClientPorta.Web.react
17 error Windows_NT 6.1.7601
18 error argv "C:\\Program Files\\nodejs\\node.exe" "C:\\Users\\xin.zhang\\AppData\\Roaming\\npm\\node_modules\\npm\\bin\\npm-cli.js" "run" "dev"
19 error node v6.9.1
20 error npm  v3.10.9
21 error code ELIFECYCLE
22 error smartadmin-reactjs@1.2.2 dev: `webpack-dev-server --config webpack.config.js --progress --env development`
22 error Exit status 3221225786
23 error Failed at the smartadmin-reactjs@1.2.2 dev script 'webpack-dev-server --config webpack.config.js --progress --env development'.
23 error Make sure you have the latest version of node.js and npm installed.
23 error If you do, this is most likely a problem with the smartadmin-reactjs package,
23 error not with npm itself.
23 error Tell the author that this fails on your system:
23 error     webpack-dev-server --config webpack.config.js --progress --env development
23 error You can get information on how to open an issue for this project with:
23 error     npm bugs smartadmin-reactjs
23 error Or if that isn't available, you can get their info via:
23 error     npm owner ls smartadmin-reactjs
23 error There is likely additional logging output above.
24 verbose exit [ 1, true ]
